2025-05-31T04:00:00.011Z [info][Jobs]: Starting scheduled job: Plex Watchlist Sync 
2025-05-31T04:00:00.018Z [info][Jobs]: Starting scheduled job: Plex Recently Added Scan 
2025-05-31T04:00:00.018Z [info][Plex Scan]: Scan starting {"sessionId":"36acaefd-fada-4666-a926-e614d8ee34c9"}
2025-05-31T04:00:00.025Z [info][Plex Scan]: Beginning to process recently added for library: Movies {"lastScan":1748663700016}
2025-05-31T04:00:00.030Z [info][Plex Scan]: Beginning to process recently added for library: Anime {"lastScan":1748663700020}
2025-05-31T04:00:00.033Z [info][Plex Scan]: Beginning to process recently added for library: TV Shows {"lastScan":1748663700023}
2025-05-31T04:00:00.037Z [info][Plex Scan]: Recently Added Scan Complete 
2025-05-31T04:03:00.009Z [info][Jobs]: Starting scheduled job: Plex Watchlist Sync 
2025-05-31T04:05:00.008Z [info][Jobs]: Starting scheduled job: Plex Recently Added Scan 
2025-05-31T04:05:00.009Z [info][Plex Scan]: Scan starting {"sessionId":"1c8ea785-47cb-4ad1-aa7e-97aeb87f6783"}
2025-05-31T04:05:00.013Z [info][Plex Scan]: Beginning to process recently added for library: Movies {"lastScan":1748664000029}
2025-05-31T04:05:00.016Z [info][Plex Scan]: Beginning to process recently added for library: Anime {"lastScan":1748664000033}
2025-05-31T04:05:00.020Z [info][Plex Scan]: Beginning to process recently added for library: TV Shows {"lastScan":1748664000037}
2025-05-31T04:05:00.023Z [info][Plex Scan]: Recently Added Scan Complete 
2025-05-31T04:06:00.009Z [info][Jobs]: Starting scheduled job: Plex Watchlist Sync 
2025-05-31T04:09:00.009Z [info][Jobs]: Starting scheduled job: Plex Watchlist Sync 
2025-05-31T04:10:00.010Z [info][Jobs]: Starting scheduled job: Plex Recently Added Scan 
2025-05-31T04:10:00.010Z [info][Plex Scan]: Scan starting {"sessionId":"f83d8a70-bfaa-4cad-8cad-213fc14f833b"}
2025-05-31T04:10:00.016Z [info][Plex Scan]: Beginning to process recently added for library: Movies {"lastScan":1748664300016}
2025-05-31T04:10:00.020Z [info][Plex Scan]: Beginning to process recently added for library: Anime {"lastScan":1748664300019}
2025-05-31T04:10:00.023Z [info][Plex Scan]: Beginning to process recently added for library: TV Shows {"lastScan":1748664300023}
2025-05-31T04:10:00.026Z [info][Plex Scan]: Recently Added Scan Complete 
2025-05-31T04:12:00.008Z [info][Jobs]: Starting scheduled job: Plex Watchlist Sync 
2025-05-31T04:15:00.010Z [info][Jobs]: Starting scheduled job: Plex Watchlist Sync 
2025-05-31T04:15:00.012Z [info][Jobs]: Starting scheduled job: Plex Recently Added Scan 
2025-05-31T04:15:00.012Z [info][Plex Scan]: Scan starting {"sessionId":"37c7d9ef-b16a-4eff-b941-f49de9729011"}
2025-05-31T04:15:00.017Z [info][Plex Scan]: Beginning to process recently added for library: Movies {"lastScan":1748664600019}
2025-05-31T04:15:00.020Z [info][Plex Scan]: Beginning to process recently added for library: Anime {"lastScan":1748664600023}
2025-05-31T04:15:00.023Z [info][Plex Scan]: Beginning to process recently added for library: TV Shows {"lastScan":1748664600026}
2025-05-31T04:15:00.026Z [info][Plex Scan]: Recently Added Scan Complete 
2025-05-31T04:18:00.010Z [info][Jobs]: Starting scheduled job: Plex Watchlist Sync 
2025-05-31T04:20:00.007Z [info][Jobs]: Starting scheduled job: Plex Recently Added Scan 
2025-05-31T04:20:00.008Z [info][Plex Scan]: Scan starting {"sessionId":"7205e9f7-96a7-40ec-a75c-2668d5ea72ff"}
2025-05-31T04:20:00.011Z [info][Plex Scan]: Beginning to process recently added for library: Movies {"lastScan":1748664900020}
2025-05-31T04:20:00.014Z [info][Plex Scan]: Beginning to process recently added for library: Anime {"lastScan":1748664900023}
2025-05-31T04:20:00.016Z [info][Plex Scan]: Beginning to process recently added for library: TV Shows {"lastScan":1748664900025}
2025-05-31T04:20:00.019Z [info][Plex Scan]: Recently Added Scan Complete 
2025-05-31T04:21:00.008Z [info][Jobs]: Starting scheduled job: Plex Watchlist Sync 
2025-05-31T04:24:00.010Z [info][Jobs]: Starting scheduled job: Plex Watchlist Sync 
2025-05-31T04:25:00.010Z [info][Jobs]: Starting scheduled job: Plex Recently Added Scan 
2025-05-31T04:25:00.010Z [info][Plex Scan]: Scan starting {"sessionId":"1d38a9a5-46d2-4601-9285-16f0371b652a"}
2025-05-31T04:25:00.016Z [info][Plex Scan]: Beginning to process recently added for library: Movies {"lastScan":1748665200013}
2025-05-31T04:25:00.021Z [info][Plex Scan]: Beginning to process recently added for library: Anime {"lastScan":1748665200016}
2025-05-31T04:25:00.025Z [info][Plex Scan]: Beginning to process recently added for library: TV Shows {"lastScan":1748665200019}
2025-05-31T04:25:00.028Z [info][Plex Scan]: Recently Added Scan Complete 
2025-05-31T04:27:00.012Z [info][Jobs]: Starting scheduled job: Plex Watchlist Sync 
2025-05-31T04:30:00.011Z [info][Jobs]: Starting scheduled job: Plex Watchlist Sync 
2025-05-31T04:30:00.019Z [info][Jobs]: Starting scheduled job: Plex Recently Added Scan 
2025-05-31T04:30:00.019Z [info][Plex Scan]: Scan starting {"sessionId":"d3d8fd16-caa0-4dd7-8314-372888bd7d3f"}
2025-05-31T04:30:00.035Z [info][Plex Scan]: Beginning to process recently added for library: Movies {"lastScan":1748665500021}
2025-05-31T04:30:00.042Z [info][Plex Scan]: Beginning to process recently added for library: Anime {"lastScan":1748665500024}
2025-05-31T04:30:00.047Z [info][Plex Scan]: Beginning to process recently added for library: TV Shows {"lastScan":1748665500028}
2025-05-31T04:30:00.058Z [info][Plex Scan]: Recently Added Scan Complete 
2025-05-31T04:33:00.013Z [info][Jobs]: Starting scheduled job: Plex Watchlist Sync 
2025-05-31T04:35:00.011Z [info][Jobs]: Starting scheduled job: Plex Recently Added Scan 
2025-05-31T04:35:00.012Z [info][Plex Scan]: Scan starting {"sessionId":"8ca1ea89-70fc-44b4-be5d-deacb4d9db7a"}
2025-05-31T04:35:00.020Z [info][Plex Scan]: Beginning to process recently added for library: Movies {"lastScan":1748665800042}
2025-05-31T04:35:00.025Z [info][Plex Scan]: Beginning to process recently added for library: Anime {"lastScan":1748665800046}
2025-05-31T04:35:00.030Z [info][Plex Scan]: Beginning to process recently added for library: TV Shows {"lastScan":1748665800057}
2025-05-31T04:35:00.037Z [info][Plex Scan]: Recently Added Scan Complete 
2025-05-31T04:36:00.009Z [info][Jobs]: Starting scheduled job: Plex Watchlist Sync 
2025-05-31T04:39:00.009Z [info][Jobs]: Starting scheduled job: Plex Watchlist Sync 
2025-05-31T04:40:00.007Z [info][Jobs]: Starting scheduled job: Plex Recently Added Scan 
2025-05-31T04:40:00.008Z [info][Plex Scan]: Scan starting {"sessionId":"938ce26b-74bb-4ec1-97f3-02d8d0267b8f"}
2025-05-31T04:40:00.011Z [info][Plex Scan]: Beginning to process recently added for library: Movies {"lastScan":1748666100025}
2025-05-31T04:40:00.014Z [info][Plex Scan]: Beginning to process recently added for library: Anime {"lastScan":1748666100029}
2025-05-31T04:40:00.018Z [info][Plex Scan]: Beginning to process recently added for library: TV Shows {"lastScan":1748666100037}
2025-05-31T04:40:00.021Z [info][Plex Scan]: Recently Added Scan Complete 
2025-05-31T04:42:00.010Z [info][Jobs]: Starting scheduled job: Plex Watchlist Sync 
2025-05-31T17:20:02.658Z [info]: Commit Tag: $GIT_SHA 
2025-05-31T17:20:02.965Z [info]: Starting Overseerr version 1.34.0 
2025-05-31T17:20:03.825Z [info][Notifications]: Registered notification agents 
2025-05-31T17:20:03.844Z [info][Jobs]: Scheduled jobs loaded 
2025-05-31T17:20:03.928Z [info][Server]: Server ready on port 5055 
2025-05-31T15:11:18.652Z [info][Notifications]: Sending notification(s) for MEDIA_PENDING {"subject":"Parthenope (2024)"}
2025-05-31T17:11:56.384Z [info]: Commit Tag: $GIT_SHA 
2025-05-31T17:11:56.677Z [info]: Starting Overseerr version 1.34.0 
2025-05-31T17:11:57.558Z [info][Notifications]: Registered notification agents 
2025-05-31T17:11:57.578Z [info][Jobs]: Scheduled jobs loaded 
2025-05-31T17:11:57.679Z [info][Server]: Server ready on port 5055 
2025-05-31T17:12:00.044Z [info][Jobs]: Starting scheduled job: Plex Watchlist Sync 
2025-05-31T17:15:00.009Z [info][Jobs]: Starting scheduled job: Plex Watchlist Sync 
2025-05-31T17:15:00.013Z [info][Jobs]: Starting scheduled job: Plex Recently Added Scan 
2025-05-31T17:15:00.014Z [info][Plex Scan]: Scan starting {"sessionId":"ab7f7d67-8b98-4a0a-a1c1-4cad151c87cd"}
2025-05-31T17:15:00.025Z [info][Plex Scan]: Beginning to process recently added for library: Movies {"lastScan":1748666400014}
2025-05-31T17:15:00.031Z [info][Plex Scan]: Beginning to process recently added for library: Anime {"lastScan":1748666400017}
2025-05-31T17:15:00.035Z [info][Plex Scan]: Beginning to process recently added for library: TV Shows {"lastScan":1748666400021}
2025-05-31T17:15:00.038Z [info][Plex Scan]: Recently Added Scan Complete 
